FILE_TYPE=LIBRARY_PARTS;
PRIMITIVE 'L7805ACD2T_TR','L7805ACD2T_TR_Other';
  PIN
    'INPUT':
      PIN_NUMBER='(1)';
      NO_LOAD_CHECK=BOTH;
      NO_IO_CHECK=BOTH;
      ALLOW_CONNECT=TRUE;
      PINUSE='UNSPEC';
    'GND':
      PIN_NUMBER='(2)';
      NO_LOAD_CHECK=BOTH;
      NO_IO_CHECK=BOTH;
      ALLOW_CONNECT=TRUE;
      PINUSE='UNSPEC';
    'OUTPUT':
      PIN_NUMBER='(3)';
      NO_LOAD_CHECK=BOTH;
      NO_IO_CHECK=BOTH;
      ALLOW_CONNECT=TRUE;
      PINUSE='UNSPEC';
  END_PIN;
  BODY
    PART_NAME='L7805ACD2T_TR';
    PHYS_DES_PREFIX='IC';
    NO_LOAD_CHECK='TRUE';
    PIN_COUNT='3';
    BODY_NAME='L7805ACD2T_TR';
    JEDEC_TYPE='L7805ACD2TTR';
  END_BODY;
END_PRIMITIVE;
END.
